<?xml version="1.0" encoding="UTF-8"?>
<testsuite xmlns:xsi="http://www.w3.org/2001/XMLSchema-instance" xsi:noNamespaceSchemaLocation="https://maven.apache.org/surefire/maven-surefire-plugin/xsd/surefire-test-report-3.0.xsd" version="3.0" name="TicketTrackingControllerTest" time="0.622" tests="8" errors="0" skipped="0" failures="0">
  <properties>
[...]
</properties>
  <testcase name="visualize" classname="TicketTrackingControllerTest" time="0.021">
    <system-out><![CDATA[
  .   ____          _            __ _ _
 /\\ / ___'_ __ _ _(_)_ __  __ _ \ \ \ \
( ( )\___ | '_ | '_| | '_ \/ _` | \ \ \ \
 \\/  ___)| |_)| | | | | || (_| |  ) ) ) )
  '  |____| .__|_| |_|_| |_\__, | / / / /
 =========|_|==============|___/=/_/_/_/
 :: Spring Boot ::                (v3.2.3)

2024-04-15T15:44:47.168-06:00  INFO 278542 --- [           main] TicketTrackingControllerTest             : Starting TicketTrackingControllerTest using Java 17.0.10 with PID 278542 (started by pharaox in /home/pharaox/Documents/Projects/Griffiun_Repositories/ProyectoSA_v2.2/ProyectoSA_backend)
2024-04-15T15:44:47.169-06:00  INFO 278542 --- [           main] TicketTrackingControllerTest             : No active profile set, falling back to 1 default profile: "default"
2024-04-15T15:44:47.544-06:00  INFO 278542 --- [           main] TicketTrackingControllerTest             : Started TicketTrackingControllerTest in 0.458 seconds (process running for 12.576)
]]></system-out>
  </testcase>
  <testcase name="changeTicketStateBadRequest" classname="TicketTrackingControllerTest" time="0.013"/>
  <testcase name="viewTicket" classname="TicketTrackingControllerTest" time="0.014"/>
  <testcase name="changeTicketStateOk" classname="TicketTrackingControllerTest" time="0.011"/>
  <testcase name="getLogs" classname="TicketTrackingControllerTest" time="0.009"/>
  <testcase name="solve" classname="TicketTrackingControllerTest" time="0.012"/>
  <testcase name="assignAgent" classname="TicketTrackingControllerTest" time="0.018"/>
  <testcase name="getAgentTickets" classname="TicketTrackingControllerTest" time="0.011"/>
</testsuite>