<?xml version="1.0" encoding="UTF-8"?>
<testsuite xmlns:xsi="http://www.w3.org/2001/XMLSchema-instance" xsi:noNamespaceSchemaLocation="https://maven.apache.org/surefire/maven-surefire-plugin/xsd/surefire-test-report-3.0.xsd" version="3.0" name="com.spring.tiketsys.TiketsysApplicationTests" time="5.982" tests="1" errors="0" skipped="0" failures="0">
  <properties>
[...]
</properties>
  <testcase name="contextLoads" classname="com.spring.tiketsys.TiketsysApplicationTests" time="0.534">
    <system-out><![CDATA[02:22:19.636 [main] INFO org.springframework.test.context.support.AnnotationConfigContextLoaderUtils -- Could not detect default configuration classes for test class [com.spring.tiketsys.TiketsysApplicationTests]: TiketsysApplicationTests does not declare any static, non-private, non-final, nested classes annotated with @Configuration.
02:22:19.757 [main] INFO org.springframework.boot.test.context.SpringBootTestContextBootstrapper -- Found @SpringBootConfiguration com.spring.tiketsys.TiketsysApplication for test class com.spring.tiketsys.TiketsysApplicationTests

  .   ____          _            __ _ _
 /\\ / ___'_ __ _ _(_)_ __  __ _ \ \ \ \
( ( )\___ | '_ | '_| | '_ \/ _` | \ \ \ \
 \\/  ___)| |_)| | | | | || (_| |  ) ) ) )
  '  |____| .__|_| |_|_| |_\__, | / / / /
 =========|_|==============|___/=/_/_/_/
 :: Spring Boot ::                (v3.2.3)

2024-03-30T02:22:20.179-05:00  INFO 103914 --- [           main] c.s.tiketsys.TiketsysApplicationTests    : Starting TiketsysApplicationTests using Java 17.0.10 with PID 103914 (started by pharaox in /home/pharaox/Documents/Projects/ProyectoSA/ProyectoSA_backend)
2024-03-30T02:22:20.180-05:00  INFO 103914 --- [           main] c.s.tiketsys.TiketsysApplicationTests    : No active profile set, falling back to 1 default profile: "default"
2024-03-30T02:22:20.913-05:00  INFO 103914 --- [           main] .s.d.r.c.RepositoryConfigurationDelegate : Bootstrapping Spring Data JPA repositories in DEFAULT mode.
2024-03-30T02:22:21.082-05:00  INFO 103914 --- [           main] .s.d.r.c.RepositoryConfigurationDelegate : Finished Spring Data repository scanning in 162 ms. Found 10 JPA repository interfaces.
2024-03-30T02:22:21.521-05:00  INFO 103914 --- [           main] o.hibernate.jpa.internal.util.LogHelper  : HHH000204: Processing PersistenceUnitInfo [name: default]
2024-03-30T02:22:21.563-05:00  INFO 103914 --- [           main] org.hibernate.Version                    : HHH000412: Hibernate ORM core version 6.4.4.Final
2024-03-30T02:22:21.594-05:00  INFO 103914 --- [           main] o.h.c.internal.RegionFactoryInitiator    : HHH000026: Second-level cache disabled
2024-03-30T02:22:21.821-05:00  INFO 103914 --- [           main] o.s.o.j.p.SpringPersistenceUnitInfo      : No LoadTimeWeaver setup: ignoring JPA class transformer
2024-03-30T02:22:21.844-05:00  INFO 103914 --- [           main] com.zaxxer.hikari.HikariDataSource       : HikariPool-1 - Starting...
2024-03-30T02:22:21.946-05:00  INFO 103914 --- [           main] com.zaxxer.hikari.pool.HikariPool        : HikariPool-1 - Added connection org.mariadb.jdbc.Connection@5e541ef9
2024-03-30T02:22:21.948-05:00  INFO 103914 --- [           main] com.zaxxer.hikari.HikariDataSource       : HikariPool-1 - Start completed.
2024-03-30T02:22:21.975-05:00  WARN 103914 --- [           main] org.hibernate.orm.deprecation            : HHH90000025: MySQLDialect does not need to be specified explicitly using 'hibernate.dialect' (remove the property setting and it will be selected by default)
2024-03-30T02:22:22.916-05:00  INFO 103914 --- [           main] o.h.e.t.j.p.i.JtaPlatformInitiator       : HHH000489: No JTA platform available (set 'hibernate.transaction.jta.platform' to enable JTA platform integration)
2024-03-30T02:22:22.919-05:00  INFO 103914 --- [           main] j.LocalContainerEntityManagerFactoryBean : Initialized JPA EntityManagerFactory for persistence unit 'default'
2024-03-30T02:22:23.009-05:00  INFO 103914 --- [           main] c.g.c.s.a.c.GcpContextAutoConfiguration  : The default project ID is proyectosa-415901
2024-03-30T02:22:23.042-05:00  INFO 103914 --- [           main] c.g.c.s.core.DefaultCredentialsProvider  : Default credentials provider for service account gcp-account@proyectosa-415901.iam.gserviceaccount.com
2024-03-30T02:22:23.043-05:00  INFO 103914 --- [           main] c.g.c.s.core.DefaultCredentialsProvider  : Scopes in use by default credentials: [https://www.googleapis.com/auth/pubsub, https://www.googleapis.com/auth/spanner.admin, https://www.googleapis.com/auth/spanner.data, https://www.googleapis.com/auth/datastore, https://www.googleapis.com/auth/sqlservice.admin, https://www.googleapis.com/auth/devstorage.read_only, https://www.googleapis.com/auth/devstorage.read_write, https://www.googleapis.com/auth/cloudruntimeconfig, https://www.googleapis.com/auth/trace.append, https://www.googleapis.com/auth/cloud-platform, https://www.googleapis.com/auth/cloud-vision, https://www.googleapis.com/auth/bigquery, https://www.googleapis.com/auth/monitoring.write]
2024-03-30T02:22:23.048-05:00  INFO 103914 --- [           main] c.g.c.s.core.DefaultCredentialsProvider  : Default credentials provider for service account gcp-account@proyectosa-415901.iam.gserviceaccount.com
2024-03-30T02:22:23.048-05:00  INFO 103914 --- [           main] c.g.c.s.core.DefaultCredentialsProvider  : Scopes in use by default credentials: [https://www.googleapis.com/auth/devstorage.read_write]
2024-03-30T02:22:23.381-05:00  INFO 103914 --- [           main] o.s.d.j.r.query.QueryEnhancerFactory     : Hibernate is in classpath; If applicable, HQL parser will be used.
2024-03-30T02:22:24.886-05:00  INFO 103914 --- [           main] c.s.tiketsys.TiketsysApplicationTests    : Started TiketsysApplicationTests in 5.002 seconds (process running for 6.085)
]]></system-out>
  </testcase>
</testsuite>